0 info it worked if it ends with ok
1 verbose cli [ 'D:\\Program Files (x86)\\nodejs\\node.exe',
1 verbose cli   'D:\\Program Files (x86)\\nodejs\\node_modules\\npm\\bin\\npm-cli.js',
1 verbose cli   'run',
1 verbose cli   'dev' ]
2 info using npm@3.10.10
3 info using node@v6.10.3
4 verbose run-script [ 'predev', 'dev', 'postdev' ]
5 info lifecycle ConsultPlus@1.0.0~predev: ConsultPlus@1.0.0
6 silly lifecycle ConsultPlus@1.0.0~predev: no script for predev, continuing
7 info lifecycle ConsultPlus@1.0.0~dev: ConsultPlus@1.0.0
8 verbose lifecycle ConsultPlus@1.0.0~dev: unsafe-perm in lifecycle true
9 verbose lifecycle ConsultPlus@1.0.0~dev: PATH: D:\Program Files (x86)\nodejs\node_modules\npm\bin\node-gyp-bin;C:\Users\TRIKE\Desktop\consultPlus_site\node_modules\.bin;D:\Program Files\Git\mingw64\bin;D:\Program Files\Git\usr\bin;C:\Users\TRIKE\bin;C:\ProgramData\Oracle\Java\javapath;C:\Program Files (x86)\NVIDIA Corporation\PhysX\Common;C:\WINDOWS\system32;C:\WINDOWS;C:\WINDOWS\System32\Wbem;C:\WINDOWS\System32\WindowsPowerShell\v1.0;C:\Program Files (x86)\GtkSharp\2.12\bin;C:\Program Files\Microsoft\Web Platform Installer;C:\Program Files (x86)\Microsoft ASP.NET\ASP.NET Web Pages\v1.0;C:\Program Files (x86)\Windows Kits\8.0\Windows Performance Toolkit;C:\Program Files\Microsoft SQL Server\110\Tools\Binn;C:\Program Files\Microsoft SQL Server\110\DTS\Binn;C:\Program Files (x86)\Microsoft SQL Server\110\Tools\Binn;C:\Program Files (x86)\Microsoft SQL Server\110\Tools\Binn\ManagementStudio;C:\Program Files (x86)\Microsoft Visual Studio 10.0\Common7\IDE\PrivateAssemblies;C:\Program Files (x86)\Microsoft SQL Server\110\DTS\Binn;C:\Program Files (x86)\Common Files\Ulead Systems\MPEG;C:\Program Files (x86)\Skype\Phone;D:\Program Files\Git\cmd;D:\Program Files (x86)\nodejs;C:\Ruby25-x64\bin;C:\Users\TRIKE\AppData\Local\Microsoft\WindowsApps;C:\Users\TRIKE\AppData\Roaming\npm;D:\Program Files\Microsoft VS Code\bin
10 verbose lifecycle ConsultPlus@1.0.0~dev: CWD: C:\Users\TRIKE\Desktop\consultPlus_site
11 silly lifecycle ConsultPlus@1.0.0~dev: Args: [ '/d /s /c', 'webpack-dev-server --inline --hot' ]
12 silly lifecycle ConsultPlus@1.0.0~dev: Returned: code: 3221225786  signal: null
13 info lifecycle ConsultPlus@1.0.0~dev: Failed to exec dev script
14 verbose stack Error: ConsultPlus@1.0.0 dev: `webpack-dev-server --inline --hot`
14 verbose stack Exit status 3221225786
14 verbose stack     at EventEmitter.<anonymous> (D:\Program Files (x86)\nodejs\node_modules\npm\lib\utils\lifecycle.js:255:16)
14 verbose stack     at emitTwo (events.js:106:13)
14 verbose stack     at EventEmitter.emit (events.js:191:7)
14 verbose stack     at ChildProcess.<anonymous> (D:\Program Files (x86)\nodejs\node_modules\npm\lib\utils\spawn.js:40:14)
14 verbose stack     at emitTwo (events.js:106:13)
14 verbose stack     at ChildProcess.emit (events.js:191:7)
14 verbose stack     at maybeClose (internal/child_process.js:886:16)
14 verbose stack     at Process.ChildProcess._handle.onexit (internal/child_process.js:226:5)
15 verbose pkgid ConsultPlus@1.0.0
16 verbose cwd C:\Users\TRIKE\Desktop\consultPlus_site
17 error Windows_NT 10.0.14393
18 error argv "D:\\Program Files (x86)\\nodejs\\node.exe" "D:\\Program Files (x86)\\nodejs\\node_modules\\npm\\bin\\npm-cli.js" "run" "dev"
19 error node v6.10.3
20 error npm  v3.10.10
21 error code ELIFECYCLE
22 error ConsultPlus@1.0.0 dev: `webpack-dev-server --inline --hot`
22 error Exit status 3221225786
23 error Failed at the ConsultPlus@1.0.0 dev script 'webpack-dev-server --inline --hot'.
23 error Make sure you have the latest version of node.js and npm installed.
23 error If you do, this is most likely a problem with the ConsultPlus package,
23 error not with npm itself.
23 error Tell the author that this fails on your system:
23 error     webpack-dev-server --inline --hot
23 error You can get information on how to open an issue for this project with:
23 error     npm bugs ConsultPlus
23 error Or if that isn't available, you can get their info via:
23 error     npm owner ls ConsultPlus
23 error There is likely additional logging output above.
24 verbose exit [ 1, true ]
